<?xml version="1.0" encoding="UTF-8"?>
<!-- Generated by org.testng.reporters.JUnitReportReporter -->
<testsuite hostname="beast" name="arraysandstrings.problem1_uniquecharacters.UniqueCharactersTest" tests="8" failures="0" timestamp="17 Jul 2018 06:38:22 GMT" time="0.005" errors="0">
  <testcase name="isUniqueCharacters_1" time="0.000" classname="arraysandstrings.problem1_uniquecharacters.UniqueCharactersTest"/>
  <testcase name="isUniqueCharacters_1" time="0.000" classname="arraysandstrings.problem1_uniquecharacters.UniqueCharactersTest"/>
  <testcase name="isUniqueCharacters_1" time="0.000" classname="arraysandstrings.problem1_uniquecharacters.UniqueCharactersTest"/>
  <testcase name="isUniqueCharacters_1" time="0.004" classname="arraysandstrings.problem1_uniquecharacters.UniqueCharactersTest"/>
  <testcase name="isUniqueCharacters_2" time="0.000" classname="arraysandstrings.problem1_uniquecharacters.UniqueCharactersTest"/>
  <testcase name="isUniqueCharacters_2" time="0.000" classname="arraysandstrings.problem1_uniquecharacters.UniqueCharactersTest"/>
  <testcase name="isUniqueCharacters_2" time="0.001" classname="arraysandstrings.problem1_uniquecharacters.UniqueCharactersTest"/>
  <testcase name="isUniqueCharacters_2" time="0.000" classname="arraysandstrings.problem1_uniquecharacters.UniqueCharactersTest"/>
</testsuite> <!-- arraysandstrings.problem1_uniquecharacters.UniqueCharactersTest -->
