<?xml version="1.0" encoding="UTF-8"?>
<!-- Generated by org.testng.reporters.JUnitReportReporter -->
<testsuite hostname="beast" name="arraysandstrings.problem1_uniquecharacters.UniqueCharactersTest" tests="8" failures="0" timestamp="17 Jul 2018 05:36:23 GMT" time="0.003" errors="0">
  <testcase name="isUniqueCharacters_2" time="0.000" classname="arraysandstrings.problem1_uniquecharacters.UniqueCharactersTest"/>
  <testcase name="isUniqueCharacters_2" time="0.000" classname="arraysandstrings.problem1_uniquecharacters.UniqueCharactersTest"/>
  <testcase name="isUniqueCharacters_2" time="0.000" classname="arraysandstrings.problem1_uniquecharacters.UniqueCharactersTest"/>
  <testcase name="isUniqueCharacters_1" time="0.000" classname="arraysandstrings.problem1_uniquecharacters.UniqueCharactersTest"/>
  <testcase name="isUniqueCharacters_2" time="0.000" classname="arraysandstrings.problem1_uniquecharacters.UniqueCharactersTest"/>
  <testcase name="isUniqueCharacters_1" time="0.000" classname="arraysandstrings.problem1_uniquecharacters.UniqueCharactersTest"/>
  <testcase name="isUniqueCharacters_1" time="0.000" classname="arraysandstrings.problem1_uniquecharacters.UniqueCharactersTest"/>
  <testcase name="isUniqueCharacters_1" time="0.003" classname="arraysandstrings.problem1_uniquecharacters.UniqueCharactersTest"/>
</testsuite> <!-- arraysandstrings.problem1_uniquecharacters.UniqueCharactersTest -->
